# JRE version: Java(TM) SE Runtime Environment (7.0_67-b01) (build 1.7.0_67-b01)
# Java VM: Java HotSpot(TM) 64-Bit Server VM (24.65-b04 mixed mode windows-amd64 compressed oops)
Heap
 PSYoungGen      total 121344K, used 42664K [0x00000000eaa80000, 0x00000000f3400000, 0x0000000100000000)
  eden space 111104K, 29% used [0x00000000eaa80000,0x00000000eca620b8,0x00000000f1700000)
  from space 10240K, 97% used [0x00000000f1b00000,0x00000000f24c8250,0x00000000f2500000)
  to   space 14848K, 0% used [0x00000000f2580000,0x00000000f2580000,0x00000000f3400000)
 ParOldGen       total 86528K, used 48102K [0x00000000c0000000, 0x00000000c5480000, 0x00000000eaa80000)
  object space 86528K, 55% used [0x00000000c0000000,0x00000000c2ef9810,0x00000000c5480000)
 PSPermGen       total 59392K, used 58029K [0x00000000b0000000, 0x00000000b3a00000, 0x00000000c0000000)
  object space 59392K, 97% used [0x00000000b0000000,0x00000000b38ab7b8,0x00000000b3a00000)
GC Heap History (10 events):
Event: 17416.758 GC heap before
{Heap before GC invocations=93 (full 29):
 PSYoungGen      total 124928K, used 124416K [0x00000000eaa80000, 0x00000000f3f00000, 0x0000000100000000)
  eden space 124416K, 100% used [0x00000000eaa80000,0x00000000f2400000,0x00000000f2400000)
  from space 512K, 0% used [0x00000000f2480000,0x00000000f2480000,0x00000000f2500000)
  to   space 13824K, 0% used [0x00000000f3180000,0x00000000f3180000,0x00000000f3f00000)
 ParOldGen       total 86528K, used 42884K [0x00000000c0000000, 0x00000000c5480000, 0x00000000eaa80000)
  object space 86528K, 49% used [0x00000000c0000000,0x00000000c29e13f8,0x00000000c5480000)
 PSPermGen       total 59392K, used 57728K [0x00000000b0000000, 0x00000000b3a00000, 0x00000000c0000000)
  object space 59392K, 97% used [0x00000000b0000000,0x00000000b3860260,0x00000000b3a00000)
Event: 17416.764 GC heap after
Heap after GC invocations=93 (full 29):
 PSYoungGen      total 130048K, used 8464K [0x00000000eaa80000, 0x00000000f3b80000, 0x0000000100000000)
  eden space 119808K, 0% used [0x00000000eaa80000,0x00000000eaa80000,0x00000000f1f80000)
  from space 10240K, 82% used [0x00000000f3180000,0x00000000f39c4240,0x00000000f3b80000)
  to   space 14336K, 0% used [0x00000000f1f80000,0x00000000f1f80000,0x00000000f2d80000)
 ParOldGen       total 86528K, used 42884K [0x00000000c0000000, 0x00000000c5480000, 0x00000000eaa80000)
  object space 86528K, 49% used [0x00000000c0000000,0x00000000c29e13f8,0x00000000c5480000)
 PSPermGen       total 59392K, used 57728K [0x00000000b0000000, 0x00000000b3a00000, 0x00000000c0000000)
  object space 59392K, 97% used [0x00000000b0000000,0x00000000b3860260,0x00000000b3a00000)
}
Event: 17426.912 GC heap before
{Heap before GC invocations=94 (full 29):
 PSYoungGen      total 130048K, used 128272K [0x00000000eaa80000, 0x00000000f3b80000, 0x0000000100000000)
  eden space 119808K, 100% used [0x00000000eaa80000,0x00000000f1f80000,0x00000000f1f80000)
  from space 10240K, 82% used [0x00000000f3180000,0x00000000f39c4240,0x00000000f3b80000)
  to   space 14336K, 0% used [0x00000000f1f80000,0x00000000f1f80000,0x00000000f2d80000)
 ParOldGen       total 86528K, used 42884K [0x00000000c0000000, 0x00000000c5480000, 0x00000000eaa80000)
  object space 86528K, 49% used [0x00000000c0000000,0x00000000c29e13f8,0x00000000c5480000)
 PSPermGen       total 59392K, used 57812K [0x00000000b0000000, 0x00000000b3a00000, 0x00000000c0000000)
  object space 59392K, 97% used [0x00000000b0000000,0x00000000b38751e8,0x00000000b3a00000)
Event: 17426.918 GC heap after
Heap after GC invocations=94 (full 29):
 PSYoungGen      total 121344K, used 5664K [0x00000000eaa80000, 0x00000000f3600000, 0x0000000100000000)
  eden space 115200K, 0% used [0x00000000eaa80000,0x00000000eaa80000,0x00000000f1b00000)
  from space 6144K, 92% used [0x00000000f1f80000,0x00000000f2508250,0x00000000f2580000)
  to   space 13824K, 0% used [0x00000000f2880000,0x00000000f2880000,0x00000000f3600000)
 ParOldGen       total 86528K, used 43605K [0x00000000c0000000, 0x00000000c5480000, 0x00000000eaa80000)
  object space 86528K, 50% used [0x00000000c0000000,0x00000000c2a95438,0x00000000c5480000)
 PSPermGen       total 59392K, used 57812K [0x00000000b0000000, 0x00000000b3a00000, 0x00000000c0000000)
  object space 59392K, 97% used [0x00000000b0000000,0x00000000b38751e8,0x00000000b3a00000)
}
Event: 18053.640 GC heap before
{Heap before GC invocations=95 (full 29):
 PSYoungGen      total 121344K, used 118240K [0x00000000eaa80000, 0x00000000f3600000, 0x0000000100000000)
  eden space 115200K, 97% used [0x00000000eaa80000,0x00000000f1870178,0x00000000f1b00000)
  from space 6144K, 92% used [0x00000000f1f80000,0x00000000f2508250,0x00000000f2580000)
  to   space 13824K, 0% used [0x00000000f2880000,0x00000000f2880000,0x00000000f3600000)
 ParOldGen       total 86528K, used 43605K [0x00000000c0000000, 0x00000000c5480000, 0x00000000eaa80000)
  object space 86528K, 50% used [0x00000000c0000000,0x00000000c2a95438,0x00000000c5480000)
 PSPermGen       total 59392K, used 57920K [0x00000000b0000000, 0x00000000b3a00000, 0x00000000c0000000)
  object space 59392K, 97% used [0x00000000b0000000,0x00000000b3890058,0x00000000b3a00000)
Event: 18053.649 GC heap after
Heap after GC invocations=95 (full 29):
 PSYoungGen      total 128000K, used 5727K [0x00000000eaa80000, 0x00000000f3500000, 0x0000000100000000)
  eden space 115200K, 0% used [0x00000000eaa80000,0x00000000eaa80000,0x00000000f1b00000)
  from space 12800K, 44% used [0x00000000f2880000,0x00000000f2e17f30,0x00000000f3500000)
  to   space 13312K, 0% used [0x00000000f1b00000,0x00000000f1b00000,0x00000000f2800000)
 ParOldGen       total 86528K, used 43889K [0x00000000c0000000, 0x00000000c5480000, 0x00000000eaa80000)
  object space 86528K, 50% used [0x00000000c0000000,0x00000000c2adc478,0x00000000c5480000)
 PSPermGen       total 59392K, used 57920K [0x00000000b0000000, 0x00000000b3a00000, 0x00000000c0000000)
  object space 59392K, 97% used [0x00000000b0000000,0x00000000b3890058,0x00000000b3a00000)
}
Event: 18053.649 GC heap before
{Heap before GC invocations=96 (full 30):
 PSYoungGen      total 128000K, used 5727K [0x00000000eaa80000, 0x00000000f3500000, 0x0000000100000000)
  eden space 115200K, 0% used [0x00000000eaa80000,0x00000000eaa80000,0x00000000f1b00000)
  from space 12800K, 44% used [0x00000000f2880000,0x00000000f2e17f30,0x00000000f3500000)
  to   space 13312K, 0% used [0x00000000f1b00000,0x00000000f1b00000,0x00000000f2800000)
 ParOldGen       total 86528K, used 43889K [0x00000000c0000000, 0x00000000c5480000, 0x00000000eaa80000)
  object space 86528K, 50% used [0x00000000c0000000,0x00000000c2adc478,0x00000000c5480000)
 PSPermGen       total 59392K, used 57920K [0x00000000b0000000, 0x00000000b3a00000, 0x00000000c0000000)
  object space 59392K, 97% used [0x00000000b0000000,0x00000000b3890058,0x00000000b3a00000)
Event: 18053.961 GC heap after
Heap after GC invocations=96 (full 30):
 PSYoungGen      total 128000K, used 0K [0x00000000eaa80000, 0x00000000f3500000, 0x0000000100000000)
  eden space 115200K, 0% used [0x00000000eaa80000,0x00000000eaa80000,0x00000000f1b00000)
  from space 12800K, 0% used [0x00000000f2880000,0x00000000f2880000,0x00000000f3500000)
  to   space 13312K, 0% used [0x00000000f1b00000,0x00000000f1b00000,0x00000000f2800000)
 ParOldGen       total 86528K, used 48102K [0x00000000c0000000, 0x00000000c5480000, 0x00000000eaa80000)
  object space 86528K, 55% used [0x00000000c0000000,0x00000000c2ef9810,0x00000000c5480000)
 PSPermGen       total 59392K, used 57814K [0x00000000b0000000, 0x00000000b3a00000, 0x00000000c0000000)
  object space 59392K, 97% used [0x00000000b0000000,0x00000000b38759d8,0x00000000b3a00000)
}
Event: 18065.020 GC heap before
{Heap before GC invocations=97 (full 30):
 PSYoungGen      total 128000K, used 115200K [0x00000000eaa80000, 0x00000000f3500000, 0x0000000100000000)
  eden space 115200K, 100% used [0x00000000eaa80000,0x00000000f1b00000,0x00000000f1b00000)
  from space 12800K, 0% used [0x00000000f2880000,0x00000000f2880000,0x00000000f3500000)
  to   space 13312K, 0% used [0x00000000f1b00000,0x00000000f1b00000,0x00000000f2800000)
 ParOldGen       total 86528K, used 48102K [0x00000000c0000000, 0x00000000c5480000, 0x00000000eaa80000)
  object space 86528K, 55% used [0x00000000c0000000,0x00000000c2ef9810,0x00000000c5480000)
 PSPermGen       total 59392K, used 58009K [0x00000000b0000000, 0x00000000b3a00000, 0x00000000c0000000)
  object space 59392K, 97% used [0x00000000b0000000,0x00000000b38a6458,0x00000000b3a00000)
Event: 18065.027 GC heap after
Heap after GC invocations=97 (full 30):
 PSYoungGen      total 121344K, used 10016K [0x00000000eaa80000, 0x00000000f3400000, 0x0000000100000000)
  eden space 111104K, 0% used [0x00000000eaa80000,0x00000000eaa80000,0x00000000f1700000)
  from space 10240K, 97% used [0x00000000f1b00000,0x00000000f24c8250,0x00000000f2500000)
  to   space 14848K, 0% used [0x00000000f2580000,0x00000000f2580000,0x00000000f3400000)
 ParOldGen       total 86528K, used 48102K [0x00000000c0000000, 0x00000000c5480000, 0x00000000eaa80000)
  object space 86528K, 55% used [0x00000000c0000000,0x00000000c2ef9810,0x00000000c5480000)
 PSPermGen       total 59392K, used 58009K [0x00000000b0000000, 0x00000000b3a00000, 0x00000000c0000000)
  object space 59392K, 97% used [0x00000000b0000000,0x00000000b38a6458,0x00000000b3a00000)
}

